# JRE version: Java(TM) SE Runtime Environment (8.0_251-b08) (build 1.8.0_251-b08)
# Java VM: Java HotSpot(TM) 64-Bit Server VM (25.251-b08 mixed mode windows-amd64 compressed oops)
Heap:
 PSYoungGen      total 344064K, used 605K [0x00000000eab00000, 0x0000000100000000, 0x0000000100000000)
  eden space 338944K, 0% used [0x00000000eab00000,0x00000000eab97470,0x00000000ff600000)
  from space 5120K, 0% used [0x00000000ffb00000,0x00000000ffb00000,0x0000000100000000)
  to   space 5120K, 0% used [0x00000000ff600000,0x00000000ff600000,0x00000000ffb00000)
 ParOldGen       total 86016K, used 67178K [0x00000000c0000000, 0x00000000c5400000, 0x00000000eab00000)
  object space 86016K, 78% used [0x00000000c0000000,0x00000000c419a838,0x00000000c5400000)
 Metaspace       used 12886K, capacity 13604K, committed 13696K, reserved 1060864K
  class space    used 1973K, capacity 2117K, committed 2176K, reserved 1048576K
GC Heap History (10 events):
Event: 3.189 GC heap before
{Heap before GC invocations=20 (full 8):
 PSYoungGen      total 136192K, used 2920K [0x00000000eab00000, 0x00000000fb500000, 0x0000000100000000)
  eden space 131072K, 2% used [0x00000000eab00000,0x00000000eadda3b0,0x00000000f2b00000)
  from space 5120K, 0% used [0x00000000f2b00000,0x00000000f2b00000,0x00000000f3000000)
  to   space 5120K, 0% used [0x00000000fb000000,0x00000000fb000000,0x00000000fb500000)
 ParOldGen       total 86016K, used 22780K [0x00000000c0000000, 0x00000000c5400000, 0x00000000eab00000)
  object space 86016K, 26% used [0x00000000c0000000,0x00000000c163f1a8,0x00000000c5400000)
 Metaspace       used 10975K, capacity 11498K, committed 11520K, reserved 1058816K
  class space    used 1671K, capacity 1779K, committed 1792K, reserved 1048576K
Event: 3.190 GC heap after
Heap after GC invocations=20 (full 8):
 PSYoungGen      total 267264K, used 128K [0x00000000eab00000, 0x00000000fb500000, 0x0000000100000000)
  eden space 262144K, 0% used [0x00000000eab00000,0x00000000eab00000,0x00000000fab00000)
  from space 5120K, 2% used [0x00000000fb000000,0x00000000fb020000,0x00000000fb500000)
  to   space 5120K, 0% used [0x00000000fab00000,0x00000000fab00000,0x00000000fb000000)
 ParOldGen       total 86016K, used 22780K [0x00000000c0000000, 0x00000000c5400000, 0x00000000eab00000)
  object space 86016K, 26% used [0x00000000c0000000,0x00000000c163f1a8,0x00000000c5400000)
 Metaspace       used 10975K, capacity 11498K, committed 11520K, reserved 1058816K
  class space    used 1671K, capacity 1779K, committed 1792K, reserved 1048576K
}
Event: 3.190 GC heap before
{Heap before GC invocations=21 (full 9):
 PSYoungGen      total 267264K, used 128K [0x00000000eab00000, 0x00000000fb500000, 0x0000000100000000)
  eden space 262144K, 0% used [0x00000000eab00000,0x00000000eab00000,0x00000000fab00000)
  from space 5120K, 2% used [0x00000000fb000000,0x00000000fb020000,0x00000000fb500000)
  to   space 5120K, 0% used [0x00000000fab00000,0x00000000fab00000,0x00000000fb000000)
 ParOldGen       total 86016K, used 22780K [0x00000000c0000000, 0x00000000c5400000, 0x00000000eab00000)
  object space 86016K, 26% used [0x00000000c0000000,0x00000000c163f1a8,0x00000000c5400000)
 Metaspace       used 10975K, capacity 11498K, committed 11520K, reserved 1058816K
  class space    used 1671K, capacity 1779K, committed 1792K, reserved 1048576K
Event: 3.238 GC heap after
Heap after GC invocations=21 (full 9):
 PSYoungGen      total 267264K, used 0K [0x00000000eab00000, 0x00000000fb500000, 0x0000000100000000)
  eden space 262144K, 0% used [0x00000000eab00000,0x00000000eab00000,0x00000000fab00000)
  from space 5120K, 0% used [0x00000000fb000000,0x00000000fb000000,0x00000000fb500000)
  to   space 5120K, 0% used [0x00000000fab00000,0x00000000fab00000,0x00000000fb000000)
 ParOldGen       total 86016K, used 22733K [0x00000000c0000000, 0x00000000c5400000, 0x00000000eab00000)
  object space 86016K, 26% used [0x00000000c0000000,0x00000000c1633408,0x00000000c5400000)
 Metaspace       used 10975K, capacity 11498K, committed 11520K, reserved 1058816K
  class space    used 1671K, capacity 1779K, committed 1792K, reserved 1048576K
}
Event: 4.350 GC heap before
{Heap before GC invocations=22 (full 9):
 PSYoungGen      total 267264K, used 262144K [0x00000000eab00000, 0x00000000fb500000, 0x0000000100000000)
  eden space 262144K, 100% used [0x00000000eab00000,0x00000000fab00000,0x00000000fab00000)
  from space 5120K, 0% used [0x00000000fb000000,0x00000000fb000000,0x00000000fb500000)
  to   space 5120K, 0% used [0x00000000fab00000,0x00000000fab00000,0x00000000fb000000)
 ParOldGen       total 86016K, used 22733K [0x00000000c0000000, 0x00000000c5400000, 0x00000000eab00000)
  object space 86016K, 26% used [0x00000000c0000000,0x00000000c1633408,0x00000000c5400000)
 Metaspace       used 12715K, capacity 13396K, committed 13696K, reserved 1060864K
  class space    used 1973K, capacity 2117K, committed 2176K, reserved 1048576K
Event: 4.391 GC heap after
Heap after GC invocations=22 (full 9):
 PSYoungGen      total 267264K, used 5088K [0x00000000eab00000, 0x0000000100000000, 0x0000000100000000)
  eden space 262144K, 0% used [0x00000000eab00000,0x00000000eab00000,0x00000000fab00000)
  from space 5120K, 99% used [0x00000000fab00000,0x00000000faff8020,0x00000000fb000000)
  to   space 5120K, 0% used [0x00000000ffb00000,0x00000000ffb00000,0x0000000100000000)
 ParOldGen       total 86016K, used 50907K [0x00000000c0000000, 0x00000000c5400000, 0x00000000eab00000)
  object space 86016K, 59% used [0x00000000c0000000,0x00000000c31b6ee0,0x00000000c5400000)
 Metaspace       used 12715K, capacity 13396K, committed 13696K, reserved 1060864K
  class space    used 1973K, capacity 2117K, committed 2176K, reserved 1048576K
}
Event: 4.778 GC heap before
{Heap before GC invocations=23 (full 9):
 PSYoungGen      total 267264K, used 211860K [0x00000000eab00000, 0x0000000100000000, 0x0000000100000000)
  eden space 262144K, 78% used [0x00000000eab00000,0x00000000f74ed118,0x00000000fab00000)
  from space 5120K, 99% used [0x00000000fab00000,0x00000000faff8020,0x00000000fb000000)
  to   space 5120K, 0% used [0x00000000ffb00000,0x00000000ffb00000,0x0000000100000000)
 ParOldGen       total 86016K, used 50907K [0x00000000c0000000, 0x00000000c5400000, 0x00000000eab00000)
  object space 86016K, 59% used [0x00000000c0000000,0x00000000c31b6ee0,0x00000000c5400000)
 Metaspace       used 12886K, capacity 13604K, committed 13696K, reserved 1060864K
  class space    used 1973K, capacity 2117K, committed 2176K, reserved 1048576K
Event: 4.804 GC heap after
Heap after GC invocations=23 (full 9):
 PSYoungGen      total 344064K, used 5088K [0x00000000eab00000, 0x0000000100000000, 0x0000000100000000)
  eden space 338944K, 0% used [0x00000000eab00000,0x00000000eab00000,0x00000000ff600000)
  from space 5120K, 99% used [0x00000000ffb00000,0x00000000ffff8020,0x0000000100000000)
  to   space 5120K, 0% used [0x00000000ff600000,0x00000000ff600000,0x00000000ffb00000)
 ParOldGen       total 86016K, used 65579K [0x00000000c0000000, 0x00000000c5400000, 0x00000000eab00000)
  object space 86016K, 76% used [0x00000000c0000000,0x00000000c400aee0,0x00000000c5400000)
 Metaspace       used 12886K, capacity 13604K, committed 13696K, reserved 1060864K
  class space    used 1973K, capacity 2117K, committed 2176K, reserved 1048576K
}
Event: 4.804 GC heap before
{Heap before GC invocations=24 (full 10):
 PSYoungGen      total 344064K, used 5088K [0x00000000eab00000, 0x0000000100000000, 0x0000000100000000)
  eden space 338944K, 0% used [0x00000000eab00000,0x00000000eab00000,0x00000000ff600000)
  from space 5120K, 99% used [0x00000000ffb00000,0x00000000ffff8020,0x0000000100000000)
  to   space 5120K, 0% used [0x00000000ff600000,0x00000000ff600000,0x00000000ffb00000)
 ParOldGen       total 86016K, used 65579K [0x00000000c0000000, 0x00000000c5400000, 0x00000000eab00000)
  object space 86016K, 76% used [0x00000000c0000000,0x00000000c400aee0,0x00000000c5400000)
 Metaspace       used 12886K, capacity 13604K, committed 13696K, reserved 1060864K
  class space    used 1973K, capacity 2117K, committed 2176K, reserved 1048576K
Event: 5.162 GC heap after
Heap after GC invocations=24 (full 10):
 PSYoungGen      total 344064K, used 0K [0x00000000eab00000, 0x0000000100000000, 0x0000000100000000)
  eden space 338944K, 0% used [0x00000000eab00000,0x00000000eab00000,0x00000000ff600000)
  from space 5120K, 0% used [0x00000000ffb00000,0x00000000ffb00000,0x0000000100000000)
  to   space 5120K, 0% used [0x00000000ff600000,0x00000000ff600000,0x00000000ffb00000)
 ParOldGen       total 86016K, used 67178K [0x00000000c0000000, 0x00000000c5400000, 0x00000000eab00000)
  object space 86016K, 78% used [0x00000000c0000000,0x00000000c419a838,0x00000000c5400000)
 Metaspace       used 12886K, capacity 13604K, committed 13696K, reserved 1060864K
  class space    used 1973K, capacity 2117K, committed 2176K, reserved 1048576K
}

